2022-01-23T18:29:04.871Z - error: Error occurred during reporter init: Error: Error when loading extension cli@2.2.5
Error: Extension "cli" is not compatible with "core" extension. Missing ".requires" information in "cli" definition
    at validateMinimalVersion (D:\Unity files\projects\backend\node_modules\@jsreport\jsreport-core\lib\main\extensions\validateMinimalVersion.js:24:11)
    at Object._useOne (D:\Unity files\projects\backend\node_modules\@jsreport\jsreport-core\lib\main\extensions\extensionsManager.js:158:9)
    at Object._useMany (D:\Unity files\projects\backend\node_modules\@jsreport\jsreport-core\lib\main\extensions\extensionsManager.js:99:38)
    at Object.init (D:\Unity files\projects\backend\node_modules\@jsreport\jsreport-core\lib\main\extensions\extensionsManager.js:74:19)
    at MainReporter.init (D:\Unity files\projects\backend\node_modules\@jsreport\jsreport-core\lib\main\reporter.js:199:36)
    at async Commander.executeCommand (D:\Unity files\projects\backend\node_modules\jsreport-cli\lib\commander.js:242:22)
    at Object._useOne (D:\Unity files\projects\backend\node_modules\@jsreport\jsreport-core\lib\main\extensions\extensionsManager.js:248:15)
    at Object._useMany (D:\Unity files\projects\backend\node_modules\@jsreport\jsreport-core\lib\main\extensions\extensionsManager.js:99:38)
    at Object.init (D:\Unity files\projects\backend\node_modules\@jsreport\jsreport-core\lib\main\extensions\extensionsManager.js:74:19)
    at MainReporter.init (D:\Unity files\projects\backend\node_modules\@jsreport\jsreport-core\lib\main\reporter.js:199:36)
    at async Commander.executeCommand (D:\Unity files\projects\backend\node_modules\jsreport-cli\lib\commander.js:242:22)
2022-01-23T19:41:05.536Z - error: Error when processing render request 2 ENOENT: no such file or directory, open 'C:\Users\asore\AppData\Local\Temp\jsreport\autocleanup\da940282-e2ed-48e2-abf3-a983e7bb0eed-html-to-xlsx.html' Error: ENOENT: no such file or directory, open 'C:\Users\asore\AppData\Local\Temp\jsreport\autocleanup\da940282-e2ed-48e2-abf3-a983e7bb0eed-html-to-xlsx.html' rootId=6a9jfxydrdlkz0w, id=6a9jfxydrdlkz0w
2022-01-23T19:41:05.537Z - error: Rendering request 2 finished with error in 7460 ms rootId=6a9jfxydrdlkz0w, id=6a9jfxydrdlkz0w
2022-01-23T19:54:35.230Z - error: Error during processing request at http://localhost:5488/studio/assets/html.worker.js?953eb512810f028467c7, details: Error: ENOENT: no such file or directory, open 'D:\Unity files\projects\backend\jsreport\node_modules\@jsreport\jsreport-studio\static\dist\index.html'
2022-01-23T20:03:26.933Z - error: Error during processing request at http://localhost:5488/studio/assets/editor.worker.js?953eb512810f028467c7, details: Error: ENOENT: no such file or directory, open 'D:\Unity files\projects\backend\jsreport\node_modules\@jsreport\jsreport-studio\static\dist\index.html'
2022-01-23T20:03:47.008Z - error: Error during processing request at http://localhost:5488/studio/assets/html.worker.js?953eb512810f028467c7, details: Error: ENOENT: no such file or directory, open 'D:\Unity files\projects\backend\jsreport\node_modules\@jsreport\jsreport-studio\static\dist\index.html'
2022-01-23T20:07:45.538Z - error: Error during processing request at http://localhost:5488/studio/assets/html.worker.js?953eb512810f028467c7, details: Error: ENOENT: no such file or directory, open 'D:\Unity files\projects\backend\jsreport\node_modules\@jsreport\jsreport-studio\static\dist\index.html'
2022-01-23T20:07:45.546Z - error: Error during processing request at http://localhost:5488/studio/assets/ts.worker.js?953eb512810f028467c7, details: Error: ENOENT: no such file or directory, open 'D:\Unity files\projects\backend\jsreport\node_modules\@jsreport\jsreport-studio\static\dist\index.html'
2022-01-23T20:07:45.552Z - error: Error during processing request at http://localhost:5488/studio/assets/ts.worker.js?953eb512810f028467c7, details: Error: ENOENT: no such file or directory, open 'D:\Unity files\projects\backend\jsreport\node_modules\@jsreport\jsreport-studio\static\dist\index.html'
2022-01-23T20:07:45.654Z - error: Error during processing request at http://localhost:5488/studio/assets/linter.worker.04e868b8cf162bd61305.js, details: Error: ENOENT: no such file or directory, open 'D:\Unity files\projects\backend\jsreport\node_modules\@jsreport\jsreport-studio\static\dist\index.html'
2022-01-23T20:07:45.659Z - error: Error during processing request at http://localhost:5488/studio/assets/linter.worker.04e868b8cf162bd61305.js, details: Error: ENOENT: no such file or directory, open 'D:\Unity files\projects\backend\jsreport\node_modules\@jsreport\jsreport-studio\static\dist\index.html'
2022-01-23T20:08:30.017Z - error: Error during processing request at http://localhost:5488/studio/assets/json.worker.js?953eb512810f028467c7, details: Error: ENOENT: no such file or directory, open 'D:\Unity files\projects\backend\jsreport\node_modules\@jsreport\jsreport-studio\static\dist\index.html'
2022-01-23T20:11:15.329Z - error: Error during processing request at http://localhost:5488/studio/assets/css.worker.js?953eb512810f028467c7, details: Error: ENOENT: no such file or directory, open 'D:\Unity files\projects\backend\jsreport\node_modules\@jsreport\jsreport-studio\static\dist\index.html'
2022-01-23T20:11:15.332Z - error: Error during processing request at http://localhost:5488/studio/assets/ts.worker.js?953eb512810f028467c7, details: Error: ENOENT: no such file or directory, open 'D:\Unity files\projects\backend\jsreport\node_modules\@jsreport\jsreport-studio\static\dist\index.html'
2022-01-23T20:11:15.404Z - error: Error during processing request at http://localhost:5488/studio/assets/linter.worker.04e868b8cf162bd61305.js, details: Error: ENOENT: no such file or directory, open 'D:\Unity files\projects\backend\jsreport\node_modules\@jsreport\jsreport-studio\static\dist\index.html'
2022-01-23T20:11:18.276Z - error: Error during processing request at http://localhost:5488/studio/assets/json.worker.js?953eb512810f028467c7, details: Error: ENOENT: no such file or directory, open 'D:\Unity files\projects\backend\jsreport\node_modules\@jsreport\jsreport-studio\static\dist\index.html'
2022-01-23T20:50:53.986Z - error: Error during processing request at http://localhost:5488/studio/assets/json.worker.js?953eb512810f028467c7, details: Error: ENOENT: no such file or directory, open 'D:\Unity files\projects\backend\jsreport\node_modules\@jsreport\jsreport-studio\static\dist\index.html'
2022-01-23T20:52:26.324Z - error: Error during processing request at http://localhost:5488/studio/assets/editor.worker.js?953eb512810f028467c7, details: Error: ENOENT: no such file or directory, open 'D:\Unity files\projects\backend\jsreport\node_modules\@jsreport\jsreport-studio\static\dist\index.html'
2022-01-23T20:52:26.328Z - error: Error during processing request at http://localhost:5488/studio/assets/html.worker.js?953eb512810f028467c7, details: Error: ENOENT: no such file or directory, open 'D:\Unity files\projects\backend\jsreport\node_modules\@jsreport\jsreport-studio\static\dist\index.html'
2022-01-23T20:52:26.330Z - error: Error during processing request at http://localhost:5488/studio/assets/ts.worker.js?953eb512810f028467c7, details: Error: ENOENT: no such file or directory, open 'D:\Unity files\projects\backend\jsreport\node_modules\@jsreport\jsreport-studio\static\dist\index.html'
2022-01-23T20:52:26.333Z - error: Error during processing request at http://localhost:5488/studio/assets/ts.worker.js?953eb512810f028467c7, details: Error: ENOENT: no such file or directory, open 'D:\Unity files\projects\backend\jsreport\node_modules\@jsreport\jsreport-studio\static\dist\index.html'
2022-01-23T20:52:26.354Z - error: Error during processing request at http://localhost:5488/studio/assets/linter.worker.04e868b8cf162bd61305.js, details: Error: ENOENT: no such file or directory, open 'D:\Unity files\projects\backend\jsreport\node_modules\@jsreport\jsreport-studio\static\dist\index.html'
2022-01-23T20:52:26.359Z - error: Error during processing request at http://localhost:5488/studio/assets/linter.worker.04e868b8cf162bd61305.js, details: Error: ENOENT: no such file or directory, open 'D:\Unity files\projects\backend\jsreport\node_modules\@jsreport\jsreport-studio\static\dist\index.html'
2022-01-23T20:52:26.363Z - error: Error during processing request at http://localhost:5488/studio/assets/linter.worker.04e868b8cf162bd61305.js, details: Error: ENOENT: no such file or directory, open 'D:\Unity files\projects\backend\jsreport\node_modules\@jsreport\jsreport-studio\static\dist\index.html'
2022-01-23T20:52:45.817Z - error: Error during processing request at http://localhost:5488/studio/assets/ts.worker.js?953eb512810f028467c7, details: Error: ENOENT: no such file or directory, open 'D:\Unity files\projects\backend\jsreport\node_modules\@jsreport\jsreport-studio\static\dist\index.html'
2022-01-23T20:52:45.820Z - error: Error during processing request at http://localhost:5488/studio/assets/linter.worker.04e868b8cf162bd61305.js, details: Error: ENOENT: no such file or directory, open 'D:\Unity files\projects\backend\jsreport\node_modules\@jsreport\jsreport-studio\static\dist\index.html'
2022-01-23T20:52:45.822Z - error: Error during processing request at http://localhost:5488/studio/assets/ts.worker.js?953eb512810f028467c7, details: Error: ENOENT: no such file or directory, open 'D:\Unity files\projects\backend\jsreport\node_modules\@jsreport\jsreport-studio\static\dist\index.html'
2022-01-23T20:52:45.824Z - error: Error during processing request at http://localhost:5488/studio/assets/linter.worker.04e868b8cf162bd61305.js, details: Error: ENOENT: no such file or directory, open 'D:\Unity files\projects\backend\jsreport\node_modules\@jsreport\jsreport-studio\static\dist\index.html'
2022-01-23T20:52:46.648Z - error: Error when processing OData POST: /odata/data Error: Entity with name "images" already exists in the /Images folder. existing: "Images".
    at module.exports (D:\Unity files\projects\backend\node_modules\@jsreport\jsreport-core\lib\shared\createError.js:10:13)
    at MainReporter.createError (D:\Unity files\projects\backend\node_modules\@jsreport\jsreport-core\lib\shared\reporter.js:47:12)
    at validateDuplicatedName (D:\Unity files\projects\backend\node_modules\@jsreport\jsreport-core\lib\main\folders\validateDuplicatedName.js:83:20)
    at runMicrotasks (<anonymous>)
    at processTicksAndRejections (node:internal/process/task_queues:96:5)
    at async ListenerCollection.fire (D:\Unity files\projects\backend\node_modules\@jsreport\jsreport-core\lib\shared\listenerCollection.js:157:21)
    at async Object.insert (D:\Unity files\projects\backend\node_modules\@jsreport\jsreport-core\lib\main\store\collection.js:102:5)
2022-01-23T20:52:59.696Z - error: Error during processing request at http://localhost:5488/studio/assets/ts.worker.js?953eb512810f028467c7, details: Error: ENOENT: no such file or directory, open 'D:\Unity files\projects\backend\jsreport\node_modules\@jsreport\jsreport-studio\static\dist\index.html'
2022-01-23T20:52:59.697Z - error: Error during processing request at http://localhost:5488/studio/assets/linter.worker.04e868b8cf162bd61305.js, details: Error: ENOENT: no such file or directory, open 'D:\Unity files\projects\backend\jsreport\node_modules\@jsreport\jsreport-studio\static\dist\index.html'
2022-01-23T20:53:16.489Z - error: Error during processing request at http://localhost:5488/studio/assets/ts.worker.js?953eb512810f028467c7, details: Error: ENOENT: no such file or directory, open 'D:\Unity files\projects\backend\jsreport\node_modules\@jsreport\jsreport-studio\static\dist\index.html'
2022-01-23T20:53:16.505Z - error: Error during processing request at http://localhost:5488/studio/assets/linter.worker.04e868b8cf162bd61305.js, details: Error: ENOENT: no such file or directory, open 'D:\Unity files\projects\backend\jsreport\node_modules\@jsreport\jsreport-studio\static\dist\index.html'
2022-01-23T20:53:44.018Z - error: Error during processing request at http://localhost:5488/studio/assets/ts.worker.js?953eb512810f028467c7, details: Error: ENOENT: no such file or directory, open 'D:\Unity files\projects\backend\jsreport\node_modules\@jsreport\jsreport-studio\static\dist\index.html'
2022-01-23T20:53:44.030Z - error: Error during processing request at http://localhost:5488/studio/assets/ts.worker.js?953eb512810f028467c7, details: Error: ENOENT: no such file or directory, open 'D:\Unity files\projects\backend\jsreport\node_modules\@jsreport\jsreport-studio\static\dist\index.html'
2022-01-23T20:53:44.099Z - error: Error during processing request at http://localhost:5488/studio/assets/linter.worker.04e868b8cf162bd61305.js, details: Error: ENOENT: no such file or directory, open 'D:\Unity files\projects\backend\jsreport\node_modules\@jsreport\jsreport-studio\static\dist\index.html'
2022-01-23T20:53:44.103Z - error: Error during processing request at http://localhost:5488/studio/assets/linter.worker.04e868b8cf162bd61305.js, details: Error: ENOENT: no such file or directory, open 'D:\Unity files\projects\backend\jsreport\node_modules\@jsreport\jsreport-studio\static\dist\index.html'
2022-01-23T20:54:11.904Z - error: Error during processing request at http://localhost:5488/studio/assets/ts.worker.js?953eb512810f028467c7, details: Error: ENOENT: no such file or directory, open 'D:\Unity files\projects\backend\jsreport\node_modules\@jsreport\jsreport-studio\static\dist\index.html'
2022-01-23T20:54:11.909Z - error: Error during processing request at http://localhost:5488/studio/assets/ts.worker.js?953eb512810f028467c7, details: Error: ENOENT: no such file or directory, open 'D:\Unity files\projects\backend\jsreport\node_modules\@jsreport\jsreport-studio\static\dist\index.html'
2022-01-23T20:54:11.971Z - error: Error during processing request at http://localhost:5488/studio/assets/linter.worker.04e868b8cf162bd61305.js, details: Error: ENOENT: no such file or directory, open 'D:\Unity files\projects\backend\jsreport\node_modules\@jsreport\jsreport-studio\static\dist\index.html'
2022-01-23T20:54:11.976Z - error: Error during processing request at http://localhost:5488/studio/assets/linter.worker.04e868b8cf162bd61305.js, details: Error: ENOENT: no such file or directory, open 'D:\Unity files\projects\backend\jsreport\node_modules\@jsreport\jsreport-studio\static\dist\index.html'
2022-01-23T20:55:56.845Z - error: Error during processing request at http://localhost:5488/studio/assets/ts.worker.js?953eb512810f028467c7, details: Error: ENOENT: no such file or directory, open 'D:\Unity files\projects\backend\jsreport\node_modules\@jsreport\jsreport-studio\static\dist\index.html'
2022-01-23T20:55:56.926Z - error: Error during processing request at http://localhost:5488/studio/assets/linter.worker.04e868b8cf162bd61305.js, details: Error: ENOENT: no such file or directory, open 'D:\Unity files\projects\backend\jsreport\node_modules\@jsreport\jsreport-studio\static\dist\index.html'
2022-01-23T20:58:47.592Z - error: Error during processing request at http://localhost:5488/studio/assets/ts.worker.js?953eb512810f028467c7, details: Error: ENOENT: no such file or directory, open 'D:\Unity files\projects\backend\jsreport\node_modules\@jsreport\jsreport-studio\static\dist\index.html'
2022-01-23T20:58:47.598Z - error: Error during processing request at http://localhost:5488/studio/assets/ts.worker.js?953eb512810f028467c7, details: Error: ENOENT: no such file or directory, open 'D:\Unity files\projects\backend\jsreport\node_modules\@jsreport\jsreport-studio\static\dist\index.html'
2022-01-23T20:58:47.648Z - error: Error during processing request at http://localhost:5488/studio/assets/linter.worker.04e868b8cf162bd61305.js, details: Error: ENOENT: no such file or directory, open 'D:\Unity files\projects\backend\jsreport\node_modules\@jsreport\jsreport-studio\static\dist\index.html'
2022-01-23T20:58:47.654Z - error: Error during processing request at http://localhost:5488/studio/assets/linter.worker.04e868b8cf162bd61305.js, details: Error: ENOENT: no such file or directory, open 'D:\Unity files\projects\backend\jsreport\node_modules\@jsreport\jsreport-studio\static\dist\index.html'
2022-01-23T21:04:04.887Z - error: Error during processing request at http://localhost:5488/studio/assets/client.f8967b170017103544d3.js, details: Error: ENOENT: no such file or directory, open 'D:\Unity files\projects\backend\jsreport\node_modules\@jsreport\jsreport-studio\static\dist\index.html'
2022-01-23T21:04:18.423Z - error: Error during processing request at http://localhost:5488/studio/templates/rkJTnK2ce, details: Error: ENOENT: no such file or directory, open 'D:\Unity files\projects\backend\jsreport\node_modules\@jsreport\jsreport-studio\static\dist\index.html'
2022-01-23T21:04:19.268Z - error: Error during processing request at http://localhost:5488/studio/templates/rkJTnK2ce, details: Error: ENOENT: no such file or directory, open 'D:\Unity files\projects\backend\jsreport\node_modules\@jsreport\jsreport-studio\static\dist\index.html'
2022-01-23T21:04:21.201Z - error: Error during processing request at http://localhost:5488/studio/assets/client.f8967b170017103544d3.js, details: Error: ENOENT: no such file or directory, open 'D:\Unity files\projects\backend\jsreport\node_modules\@jsreport\jsreport-studio\static\dist\index.html'
2022-01-23T21:04:29.584Z - error: Error during processing request at http://localhost:5488/, details: Error: ENOENT: no such file or directory, open 'D:\Unity files\projects\backend\jsreport\node_modules\@jsreport\jsreport-studio\static\dist\index.html'
2022-01-23T21:05:00.160Z - error: Error occurred during reporter init: Error: Error when loading extension cli@2.2.5
Error: Extension "cli" is not compatible with "core" extension. Missing ".requires" information in "cli" definition
    at validateMinimalVersion (D:\Unity files\projects\backend\node_modules\@jsreport\jsreport-core\lib\main\extensions\validateMinimalVersion.js:24:11)
    at Object._useOne (D:\Unity files\projects\backend\node_modules\@jsreport\jsreport-core\lib\main\extensions\extensionsManager.js:158:9)
    at Object._useMany (D:\Unity files\projects\backend\node_modules\@jsreport\jsreport-core\lib\main\extensions\extensionsManager.js:99:38)
    at Object.init (D:\Unity files\projects\backend\node_modules\@jsreport\jsreport-core\lib\main\extensions\extensionsManager.js:74:19)
    at MainReporter.init (D:\Unity files\projects\backend\node_modules\@jsreport\jsreport-core\lib\main\reporter.js:199:36)
    at Object._useOne (D:\Unity files\projects\backend\node_modules\@jsreport\jsreport-core\lib\main\extensions\extensionsManager.js:248:15)
    at Object._useMany (D:\Unity files\projects\backend\node_modules\@jsreport\jsreport-core\lib\main\extensions\extensionsManager.js:99:38)
    at Object.init (D:\Unity files\projects\backend\node_modules\@jsreport\jsreport-core\lib\main\extensions\extensionsManager.js:74:19)
    at MainReporter.init (D:\Unity files\projects\backend\node_modules\@jsreport\jsreport-core\lib\main\reporter.js:199:36)
2022-01-23T21:06:37.743Z - error: Error occurred during reporter init: Error: Error when loading extension cli@2.2.5
Error: Extension "cli" is not compatible with "core" extension. Missing ".requires" information in "cli" definition
    at validateMinimalVersion (D:\Unity files\projects\backend\node_modules\@jsreport\jsreport-core\lib\main\extensions\validateMinimalVersion.js:24:11)
    at Object._useOne (D:\Unity files\projects\backend\node_modules\@jsreport\jsreport-core\lib\main\extensions\extensionsManager.js:158:9)
    at Object._useMany (D:\Unity files\projects\backend\node_modules\@jsreport\jsreport-core\lib\main\extensions\extensionsManager.js:99:38)
    at Object.init (D:\Unity files\projects\backend\node_modules\@jsreport\jsreport-core\lib\main\extensions\extensionsManager.js:74:19)
    at MainReporter.init (D:\Unity files\projects\backend\node_modules\@jsreport\jsreport-core\lib\main\reporter.js:199:36)
    at Object._useOne (D:\Unity files\projects\backend\node_modules\@jsreport\jsreport-core\lib\main\extensions\extensionsManager.js:248:15)
    at Object._useMany (D:\Unity files\projects\backend\node_modules\@jsreport\jsreport-core\lib\main\extensions\extensionsManager.js:99:38)
    at Object.init (D:\Unity files\projects\backend\node_modules\@jsreport\jsreport-core\lib\main\extensions\extensionsManager.js:74:19)
    at MainReporter.init (D:\Unity files\projects\backend\node_modules\@jsreport\jsreport-core\lib\main\reporter.js:199:36)
2022-01-23T21:08:30.116Z - error: Error occurred during reporter init: Error: Error when loading extension cli@2.2.5
Error: Extension "cli" is not compatible with "core" extension. Missing ".requires" information in "cli" definition
    at validateMinimalVersion (D:\Unity files\projects\backend\node_modules\@jsreport\jsreport-core\lib\main\extensions\validateMinimalVersion.js:24:11)
    at Object._useOne (D:\Unity files\projects\backend\node_modules\@jsreport\jsreport-core\lib\main\extensions\extensionsManager.js:158:9)
    at Object._useMany (D:\Unity files\projects\backend\node_modules\@jsreport\jsreport-core\lib\main\extensions\extensionsManager.js:99:38)
    at Object.init (D:\Unity files\projects\backend\node_modules\@jsreport\jsreport-core\lib\main\extensions\extensionsManager.js:74:19)
    at MainReporter.init (D:\Unity files\projects\backend\node_modules\@jsreport\jsreport-core\lib\main\reporter.js:199:36)
    at Object._useOne (D:\Unity files\projects\backend\node_modules\@jsreport\jsreport-core\lib\main\extensions\extensionsManager.js:248:15)
    at Object._useMany (D:\Unity files\projects\backend\node_modules\@jsreport\jsreport-core\lib\main\extensions\extensionsManager.js:99:38)
    at Object.init (D:\Unity files\projects\backend\node_modules\@jsreport\jsreport-core\lib\main\extensions\extensionsManager.js:74:19)
    at MainReporter.init (D:\Unity files\projects\backend\node_modules\@jsreport\jsreport-core\lib\main\reporter.js:199:36)
2022-01-23T21:10:13.009Z - error: Error occurred during reporter init: Error: Error when loading extension cli@2.2.5
Error: Extension "cli" is not compatible with "core" extension. Missing ".requires" information in "cli" definition
    at validateMinimalVersion (D:\Unity files\projects\backend\node_modules\@jsreport\jsreport-core\lib\main\extensions\validateMinimalVersion.js:24:11)
    at Object._useOne (D:\Unity files\projects\backend\node_modules\@jsreport\jsreport-core\lib\main\extensions\extensionsManager.js:158:9)
    at Object._useMany (D:\Unity files\projects\backend\node_modules\@jsreport\jsreport-core\lib\main\extensions\extensionsManager.js:99:38)
    at Object.init (D:\Unity files\projects\backend\node_modules\@jsreport\jsreport-core\lib\main\extensions\extensionsManager.js:74:19)
    at MainReporter.init (D:\Unity files\projects\backend\node_modules\@jsreport\jsreport-core\lib\main\reporter.js:199:36)
    at async Commander.executeCommand (D:\Unity files\projects\backend\node_modules\jsreport-cli\lib\commander.js:242:22)
    at Object._useOne (D:\Unity files\projects\backend\node_modules\@jsreport\jsreport-core\lib\main\extensions\extensionsManager.js:248:15)
    at Object._useMany (D:\Unity files\projects\backend\node_modules\@jsreport\jsreport-core\lib\main\extensions\extensionsManager.js:99:38)
    at Object.init (D:\Unity files\projects\backend\node_modules\@jsreport\jsreport-core\lib\main\extensions\extensionsManager.js:74:19)
    at MainReporter.init (D:\Unity files\projects\backend\node_modules\@jsreport\jsreport-core\lib\main\reporter.js:199:36)
    at async Commander.executeCommand (D:\Unity files\projects\backend\node_modules\jsreport-cli\lib\commander.js:242:22)
2022-01-23T21:14:22.612Z - error: Error occurred during reporter init: Error: Error when loading extension cli@2.2.5
Error: Extension "cli" is not compatible with "core" extension. Missing ".requires" information in "cli" definition
    at validateMinimalVersion (D:\Unity files\projects\backend\node_modules\@jsreport\jsreport-core\lib\main\extensions\validateMinimalVersion.js:24:11)
    at Object._useOne (D:\Unity files\projects\backend\node_modules\@jsreport\jsreport-core\lib\main\extensions\extensionsManager.js:158:9)
    at Object._useMany (D:\Unity files\projects\backend\node_modules\@jsreport\jsreport-core\lib\main\extensions\extensionsManager.js:99:38)
    at Object.init (D:\Unity files\projects\backend\node_modules\@jsreport\jsreport-core\lib\main\extensions\extensionsManager.js:74:19)
    at MainReporter.init (D:\Unity files\projects\backend\node_modules\@jsreport\jsreport-core\lib\main\reporter.js:199:36)
    at async Commander.executeCommand (D:\Unity files\projects\backend\node_modules\jsreport-cli\lib\commander.js:242:22)
    at Object._useOne (D:\Unity files\projects\backend\node_modules\@jsreport\jsreport-core\lib\main\extensions\extensionsManager.js:248:15)
    at Object._useMany (D:\Unity files\projects\backend\node_modules\@jsreport\jsreport-core\lib\main\extensions\extensionsManager.js:99:38)
    at Object.init (D:\Unity files\projects\backend\node_modules\@jsreport\jsreport-core\lib\main\extensions\extensionsManager.js:74:19)
    at MainReporter.init (D:\Unity files\projects\backend\node_modules\@jsreport\jsreport-core\lib\main\reporter.js:199:36)
    at async Commander.executeCommand (D:\Unity files\projects\backend\node_modules\jsreport-cli\lib\commander.js:242:22)
2022-01-24T00:46:29.619Z - error: Error when processing OData POST: /odata/assets Error: Request to file D:\Unity files\projects\backend\image-styles denied. Please allow it by setting config { "extensions": { "assets": { "allowedFiles": "**/*.*" } } }
    at module.exports (D:\Unity files\projects\backend\node_modules\jsreport-core\lib\util\createError.js:11:13)
    at Reporter.createError (D:\Unity files\projects\backend\node_modules\jsreport-core\lib\reporter.js:332:12)
    at linkPath (D:\Unity files\projects\backend\node_modules\jsreport-assets\lib\assets.js:93:20)
    at readFile (D:\Unity files\projects\backend\node_modules\jsreport-assets\lib\assets.js:103:28)
    at AsyncFunction.<anonymous> (D:\Unity files\projects\backend\node_modules\jsreport-assets\lib\assets.js:447:15)
    at D:\Unity files\projects\backend\node_modules\listener-collection\lib\listenerCollection.js:171:33
From previous event:
    at D:\Unity files\projects\backend\node_modules\listener-collection\lib\listenerCollection.js:172:24
    at D:\Unity files\projects\backend\node_modules\listener-collection\lib\listenerCollection.js:151:16
    at processImmediate (node:internal/timers:466:21)
From previous event:
    at D:\Unity files\projects\backend\node_modules\listener-collection\lib\listenerCollection.js:149:47
    at Array.map (<anonymous>)
    at mapSeries (D:\Unity files\projects\backend\node_modules\listener-collection\lib\listenerCollection.js:148:24)
    at module.exports.ListenerCollection.fire (D:\Unity files\projects\backend\node_modules\listener-collection\lib\listenerCollection.js:166:12)
    at Object.insert (D:\Unity files\projects\backend\node_modules\jsreport-core\lib\store\collection.js:102:38)
    at ODataServer.<anonymous> (D:\Unity files\projects\backend\node_modules\jsreport-express\lib\odata.js:34:69)
    at D:\Unity files\projects\backend\node_modules\simple-odata-server\lib\odataServer.js:201:14
    at ODataServer.<anonymous> (D:\Unity files\projects\backend\node_modules\jsreport-express\lib\odata.js:29:7)
    at ODataServer.executeInsert (D:\Unity files\projects\backend\node_modules\simple-odata-server\lib\odataServer.js:196:12)
    at processBody (D:\Unity files\projects\backend\node_modules\simple-odata-server\lib\insert.js:29:9)
    at module.exports (D:\Unity files\projects\backend\node_modules\simple-odata-server\lib\insert.js:59:12)
    at Object.fn (D:\Unity files\projects\backend\node_modules\simple-odata-server\lib\odataServer.js:90:5)
    at Router.router.dispatch (D:\Unity files\projects\backend\node_modules\simple-odata-server\lib\router.js:63:12)
    at ODataServer.handle (D:\Unity files\projects\backend\node_modules\simple-odata-server\lib\odataServer.js:64:15)
    at D:\Unity files\projects\backend\node_modules\jsreport-express\lib\routes.js:24:47
    at Layer.handle [as handle_request] (D:\Unity files\projects\backend\node_modules\express\lib\router\layer.js:95:5)
    at trim_prefix (D:\Unity files\projects\backend\node_modules\express\lib\router\index.js:317:13)
    at D:\Unity files\projects\backend\node_modules\express\lib\router\index.js:284:7
    at Function.process_params (D:\Unity files\projects\backend\node_modules\express\lib\router\index.js:335:12)
    at next (D:\Unity files\projects\backend\node_modules\express\lib\router\index.js:275:10)
    at D:\Unity files\projects\backend\node_modules\jsreport-express\lib\routes.js:17:5
    at Layer.handle [as handle_request] (D:\Unity files\projects\backend\node_modules\express\lib\router\layer.js:95:5)
    at trim_prefix (D:\Unity files\projects\backend\node_modules\express\lib\router\index.js:317:13)
    at D:\Unity files\projects\backend\node_modules\express\lib\router\index.js:284:7
    at Function.process_params (D:\Unity files\projects\backend\node_modules\express\lib\router\index.js:335:12)
    at next (D:\Unity files\projects\backend\node_modules\express\lib\router\index.js:275:10)
    at D:\Unity files\projects\backend\node_modules\jsreport-express\lib\reporter.express.js:188:5
    at Layer.handle [as handle_request] (D:\Unity files\projects\backend\node_modules\express\lib\router\layer.js:95:5)
    at trim_prefix (D:\Unity files\projects\backend\node_modules\express\lib\router\index.js:317:13)
    at D:\Unity files\projects\backend\node_modules\express\lib\router\index.js:284:7
    at Function.process_params (D:\Unity files\projects\backend\node_modules\express\lib\router\index.js:335:12)
    at next (D:\Unity files\projects\backend\node_modules\express\lib\router\index.js:275:10)
    at cors (D:\Unity files\projects\backend\node_modules\cors\lib\index.js:188:7)
    at D:\Unity files\projects\backend\node_modules\cors\lib\index.js:224:17
    at originCallback (D:\Unity files\projects\backend\node_modules\cors\lib\index.js:214:15)
    at D:\Unity files\projects\backend\node_modules\cors\lib\index.js:219:13
    at optionsCallback (D:\Unity files\projects\backend\node_modules\cors\lib\index.js:199:9)
    at corsMiddleware (D:\Unity files\projects\backend\node_modules\cors\lib\index.js:204:7)
    at Layer.handle [as handle_request] (D:\Unity files\projects\backend\node_modules\express\lib\router\layer.js:95:5)
    at trim_prefix (D:\Unity files\projects\backend\node_modules\express\lib\router\index.js:317:13)
    at D:\Unity files\projects\backend\node_modules\express\lib\router\index.js:284:7
    at Function.process_params (D:\Unity files\projects\backend\node_modules\express\lib\router\index.js:335:12)
    at next (D:\Unity files\projects\backend\node_modules\express\lib\router\index.js:275:10)
2022-01-24T01:02:13.741Z - error: Error when processing OData PATCH: /odata/assets(U4jliYDoi1Sk1sPO) Error: Entity (_id: U4jliYDoi1Sk1sPO) was modified previously by another source
    at module.exports (D:\Unity files\projects\backend\node_modules\jsreport-core\lib\util\createError.js:11:13)
    at Reporter.createError (D:\Unity files\projects\backend\node_modules\jsreport-core\lib\reporter.js:332:12)
    at AsyncFunction.<anonymous> (D:\Unity files\projects\backend\node_modules\jsreport-studio\lib\studio.js:468:30)
From previous event:
    at D:\Unity files\projects\backend\node_modules\listener-collection\lib\listenerCollection.js:172:24
    at D:\Unity files\projects\backend\node_modules\listener-collection\lib\listenerCollection.js:151:16
    at processImmediate (node:internal/timers:466:21)
From previous event:
    at D:\Unity files\projects\backend\node_modules\listener-collection\lib\listenerCollection.js:149:47
    at Array.map (<anonymous>)
    at mapSeries (D:\Unity files\projects\backend\node_modules\listener-collection\lib\listenerCollection.js:148:24)
    at module.exports.ListenerCollection.fire (D:\Unity files\projects\backend\node_modules\listener-collection\lib\listenerCollection.js:166:12)
    at Object.update (D:\Unity files\projects\backend\node_modules\jsreport-core\lib\store\collection.js:135:38)
    at ODataServer.<anonymous> (D:\Unity files\projects\backend\node_modules\jsreport-express\lib\odata.js:31:69)
    at D:\Unity files\projects\backend\node_modules\simple-odata-server\lib\odataServer.js:231:14
    at ODataServer.<anonymous> (D:\Unity files\projects\backend\node_modules\jsreport-express\lib\odata.js:23:7)
    at ODataServer.executeUpdate (D:\Unity files\projects\backend\node_modules\simple-odata-server\lib\odataServer.js:226:12)
    at processBody (D:\Unity files\projects\backend\node_modules\simple-odata-server\lib\update.js:22:9)
    at module.exports (D:\Unity files\projects\backend\node_modules\simple-odata-server\lib\update.js:37:12)
    at Object.fn (D:\Unity files\projects\backend\node_modules\simple-odata-server\lib\odataServer.js:93:5)
    at Router.router.dispatch (D:\Unity files\projects\backend\node_modules\simple-odata-server\lib\router.js:63:12)
    at ODataServer.handle (D:\Unity files\projects\backend\node_modules\simple-odata-server\lib\odataServer.js:64:15)
    at D:\Unity files\projects\backend\node_modules\jsreport-express\lib\routes.js:24:47
    at Layer.handle [as handle_request] (D:\Unity files\projects\backend\node_modules\express\lib\router\layer.js:95:5)
    at trim_prefix (D:\Unity files\projects\backend\node_modules\express\lib\router\index.js:317:13)
    at D:\Unity files\projects\backend\node_modules\express\lib\router\index.js:284:7
    at Function.process_params (D:\Unity files\projects\backend\node_modules\express\lib\router\index.js:335:12)
    at next (D:\Unity files\projects\backend\node_modules\express\lib\router\index.js:275:10)
    at D:\Unity files\projects\backend\node_modules\jsreport-express\lib\routes.js:17:5
    at Layer.handle [as handle_request] (D:\Unity files\projects\backend\node_modules\express\lib\router\layer.js:95:5)
    at trim_prefix (D:\Unity files\projects\backend\node_modules\express\lib\router\index.js:317:13)
    at D:\Unity files\projects\backend\node_modules\express\lib\router\index.js:284:7
    at Function.process_params (D:\Unity files\projects\backend\node_modules\express\lib\router\index.js:335:12)
    at next (D:\Unity files\projects\backend\node_modules\express\lib\router\index.js:275:10)
    at D:\Unity files\projects\backend\node_modules\jsreport-express\lib\reporter.express.js:188:5
    at Layer.handle [as handle_request] (D:\Unity files\projects\backend\node_modules\express\lib\router\layer.js:95:5)
    at trim_prefix (D:\Unity files\projects\backend\node_modules\express\lib\router\index.js:317:13)
    at D:\Unity files\projects\backend\node_modules\express\lib\router\index.js:284:7
    at Function.process_params (D:\Unity files\projects\backend\node_modules\express\lib\router\index.js:335:12)
    at next (D:\Unity files\projects\backend\node_modules\express\lib\router\index.js:275:10)
    at cors (D:\Unity files\projects\backend\node_modules\cors\lib\index.js:188:7)
    at D:\Unity files\projects\backend\node_modules\cors\lib\index.js:224:17
    at originCallback (D:\Unity files\projects\backend\node_modules\cors\lib\index.js:214:15)
    at D:\Unity files\projects\backend\node_modules\cors\lib\index.js:219:13
    at optionsCallback (D:\Unity files\projects\backend\node_modules\cors\lib\index.js:199:9)
    at corsMiddleware (D:\Unity files\projects\backend\node_modules\cors\lib\index.js:204:7)
    at Layer.handle [as handle_request] (D:\Unity files\projects\backend\node_modules\express\lib\router\layer.js:95:5)
    at trim_prefix (D:\Unity files\projects\backend\node_modules\express\lib\router\index.js:317:13)
    at D:\Unity files\projects\backend\node_modules\express\lib\router\index.js:284:7
    at Function.process_params (D:\Unity files\projects\backend\node_modules\express\lib\router\index.js:335:12)
    at next (D:\Unity files\projects\backend\node_modules\express\lib\router\index.js:275:10)
